<?xml version="1.0" encoding="UTF-8"?>
<testsuite xmlns:xsi="http://www.w3.org/2001/XMLSchema-instance" xsi:noNamespaceSchemaLocation="https://maven.apache.org/surefire/maven-surefire-plugin/xsd/surefire-test-report-3.0.xsd" version="3.0" name="com.mycompany.calculadora.CalculadoraTest" time="0.061" tests="20" errors="0" skipped="0" failures="0">
  <properties>
[...]
</properties>
  <testcase name="testPotenciaComZero" classname="com.mycompany.calculadora.CalculadoraTest" time="0.02"/>
  <testcase name="testPotenciaDeZero" classname="com.mycompany.calculadora.CalculadoraTest" time="0.001"/>
  <testcase name="testDivisaoPorZero" classname="com.mycompany.calculadora.CalculadoraTest" time="0.003"/>
  <testcase name="testSoma" classname="com.mycompany.calculadora.CalculadoraTest" time="0.001"/>
  <testcase name="testPorcentagem" classname="com.mycompany.calculadora.CalculadoraTest" time="0.0"/>
  <testcase name="testSequenciaDeOperacoesSimples" classname="com.mycompany.calculadora.CalculadoraTest" time="0.0"/>
  <testcase name="testInverterSinalPositivo" classname="com.mycompany.calculadora.CalculadoraTest" time="0.001"/>
  <testcase name="testInverterSinalNegativo" classname="com.mycompany.calculadora.CalculadoraTest" time="0.0"/>
  <testcase name="testMultiplicacaoPorZero" classname="com.mycompany.calculadora.CalculadoraTest" time="0.0"/>
  <testcase name="testDivisaoDecimal" classname="com.mycompany.calculadora.CalculadoraTest" time="0.0"/>
  <testcase name="testSubtracao" classname="com.mycompany.calculadora.CalculadoraTest" time="0.0"/>
  <testcase name="testDivisao" classname="com.mycompany.calculadora.CalculadoraTest" time="0.001"/>
  <testcase name="testMultiplicacao" classname="com.mycompany.calculadora.CalculadoraTest" time="0.001"/>
  <testcase name="testOperacaoComDecimais" classname="com.mycompany.calculadora.CalculadoraTest" time="0.001"/>
  <testcase name="testSubtracaoNegativa" classname="com.mycompany.calculadora.CalculadoraTest" time="0.001"/>
  <testcase name="testRemoveZeroDecimalDecimal" classname="com.mycompany.calculadora.CalculadoraTest" time="0.001"/>
  <testcase name="testLimpar" classname="com.mycompany.calculadora.CalculadoraTest" time="0.001"/>
  <testcase name="testOperadorInvalido" classname="com.mycompany.calculadora.CalculadoraTest" time="0.001"/>
  <testcase name="testRemoveZeroDecimalInteiro" classname="com.mycompany.calculadora.CalculadoraTest" time="0.0"/>
  <testcase name="testPotenciacao" classname="com.mycompany.calculadora.CalculadoraTest" time="0.001"/>
</testsuite>